<?xml version="1.0" encoding="UTF-8"?>
<testng-results ignored="0" total="1" passed="1" failed="0" skipped="0">
  <reporter-output>
  </reporter-output>
  <suite started-at="2023-04-25T10:38:12 IST" name="Suite" finished-at="2023-04-25T10:38:36 IST" duration-ms="24005">
    <groups>
    </groups>
    <test started-at="2023-04-25T10:38:12 IST" name="Test2" finished-at="2023-04-25T10:38:36 IST" duration-ms="24005">
      <class name="mavenforjenkins.UITest">
        <test-method signature="startBrowser()[pri:0, instance:mavenforjenkins.UITest@3b938003]" started-at="2023-04-25T10:38:12 IST" name="startBrowser" finished-at="2023-04-25T10:38:36 IST" duration-ms="23921" status="PASS">
          <reporter-output>
          </reporter-output>
        </test-method> <!-- startBrowser -->
      </class> <!-- mavenforjenkins.UITest -->
    </test> <!-- Test2 -->
  </suite> <!-- Suite -->
</testng-results>
